F:\USERS\ROOT\DOCUMENTS\VISUAL STUDIO 2012\PROJECTS\OPENCV\OPENCV\RELEASE\OPENCV-TEST.OBJ
F:\USERS\ROOT\DOCUMENTS\VISUAL STUDIO 2012\PROJECTS\OPENCV\OPENCV\RELEASE\VC110.PDB
F:\USERS\ROOT\DOCUMENTS\VISUAL STUDIO 2012\PROJECTS\OPENCV6X3\OPENCV\RELEASE\OPENCV-TEST.OBJ
F:\USERS\ROOT\DOCUMENTS\VISUAL STUDIO 2012\PROJECTS\OPENCV6X3\OPENCV\RELEASE\VC110.PDB
F:\USERS\ROOT\DOCUMENTS\VISUAL STUDIO 2012\PROJECTS\OPENCV7X2\OPENCV\RELEASE\OPENCV-TEST.OBJ
F:\USERS\ROOT\DOCUMENTS\VISUAL STUDIO 2012\PROJECTS\OPENCV7X2\OPENCV\RELEASE\VC110.PDB
F:\USERS\ROOT\DOCUMENTS\VISUAL STUDIO 2012\PROJECTS\OPENCV8X2\OPENCV\RELEASE\OPENCV-TEST.OBJ
F:\USERS\ROOT\DOCUMENTS\VISUAL STUDIO 2012\PROJECTS\OPENCV8X2\OPENCV\RELEASE\VC110.PDB
F:\USERS\ROOT\DOCUMENTS\VISUAL STUDIO 2012\PROJECTS\OPENCV9X2\OPENCV\RELEASE\OPENCV-TEST.OBJ
F:\USERS\ROOT\DOCUMENTS\VISUAL STUDIO 2012\PROJECTS\OPENCV9X2\OPENCV\RELEASE\VC110.PDB
F:\USERS\ROOT\DOCUMENTS\VISUAL STUDIO 2012\PROJECTS\OPENCV10X2 -CARIMAGEDETECT\OPENCV\RELEASE\OPENCV-TEST.OBJ
F:\USERS\ROOT\DOCUMENTS\VISUAL STUDIO 2012\PROJECTS\OPENCV10X2 -CARIMAGEDETECT\OPENCV\RELEASE\VC110.PDB
F:\USERS\ROOT\DOCUMENTS\VISUAL STUDIO 2012\PROJECTS\OPENCV12X2 -CARDETECTOR IMAGE\OPENCV\RELEASE\OPENCV-TEST.OBJ
F:\USERS\ROOT\DOCUMENTS\VISUAL STUDIO 2012\PROJECTS\OPENCV12X2 -CARDETECTOR IMAGE\OPENCV\RELEASE\VC110.PDB
G:\OBJECTDETECTOR\OPENCV CARDETECTION\IMAGE-OPENCV -CARDETECTOR\OPENCV\RELEASE\IMAGE-OPENCV-CARDETECT.OBJ
G:\OBJECTDETECTOR\OPENCV CARDETECTION\IMAGE-OPENCV -CARDETECTOR\OPENCV\RELEASE\VC110.PDB
F:\USERS\ROOT\DOCUMENTS\VISUAL STUDIO 2012\PROJECTS\OPENCV\RELEASE\OPENCV.EXE
F:\USERS\ROOT\DOCUMENTS\VISUAL STUDIO 2012\PROJECTS\OPENCV\RELEASE\OPENCV.PDB
F:\USERS\ROOT\DOCUMENTS\VISUAL STUDIO 2012\PROJECTS\OPENCV6X3\RELEASE\OPENCV.EXE
F:\USERS\ROOT\DOCUMENTS\VISUAL STUDIO 2012\PROJECTS\OPENCV6X3\RELEASE\OPENCV.PDB
F:\USERS\ROOT\DOCUMENTS\VISUAL STUDIO 2012\PROJECTS\OPENCV7X2\RELEASE\OPENCV.EXE
F:\USERS\ROOT\DOCUMENTS\VISUAL STUDIO 2012\PROJECTS\OPENCV7X2\RELEASE\OPENCV.PDB
F:\USERS\ROOT\DOCUMENTS\VISUAL STUDIO 2012\PROJECTS\OPENCV8X2\RELEASE\OPENCV.EXE
F:\USERS\ROOT\DOCUMENTS\VISUAL STUDIO 2012\PROJECTS\OPENCV8X2\RELEASE\OPENCV.PDB
F:\USERS\ROOT\DOCUMENTS\VISUAL STUDIO 2012\PROJECTS\OPENCV9X2\RELEASE\OPENCV.EXE
F:\USERS\ROOT\DOCUMENTS\VISUAL STUDIO 2012\PROJECTS\OPENCV9X2\RELEASE\OPENCV.PDB
F:\USERS\ROOT\DOCUMENTS\VISUAL STUDIO 2012\PROJECTS\OPENCV10X2 -CARIMAGEDETECT\RELEASE\OPENCV.EXE
F:\USERS\ROOT\DOCUMENTS\VISUAL STUDIO 2012\PROJECTS\OPENCV10X2 -CARIMAGEDETECT\RELEASE\OPENCV.PDB
F:\USERS\ROOT\DOCUMENTS\VISUAL STUDIO 2012\PROJECTS\OPENCV12X2 -CARDETECTOR IMAGE\RELEASE\OPENCV.EXE
F:\USERS\ROOT\DOCUMENTS\VISUAL STUDIO 2012\PROJECTS\OPENCV12X2 -CARDETECTOR IMAGE\RELEASE\OPENCV.PDB
G:\OBJECTDETECTOR\OPENCV CARDETECTION\IMAGE-OPENCV -CARDETECTOR\RELEASE\OPENCV.EXE
G:\OBJECTDETECTOR\OPENCV CARDETECTION\IMAGE-OPENCV -CARDETECTOR\RELEASE\OPENCV.PDB
G:\ObjectDetector\opencv CarDetection\Image-opencv -CarDetector\opencv\Release\Image-opencv-CarDetect.obj
G:\ObjectDetector\opencv CarDetection\Image-opencv -CarDetector\opencv\Release\opencv-test.obj
G:\ObjectDetector\opencv CarDetection\Image-opencv -CarDetector\opencv\Release\cl.command.1.tlog
G:\ObjectDetector\opencv CarDetection\Image-opencv -CarDetector\opencv\Release\CL.read.1.tlog
G:\ObjectDetector\opencv CarDetection\Image-opencv -CarDetector\opencv\Release\CL.write.1.tlog
G:\ObjectDetector\opencv CarDetection\Image-opencv -CarDetector\opencv\Release\link-cvtres.read.1.tlog
G:\ObjectDetector\opencv CarDetection\Image-opencv -CarDetector\opencv\Release\link-cvtres.write.1.tlog
G:\ObjectDetector\opencv CarDetection\Image-opencv -CarDetector\opencv\Release\link-rc.read.1.tlog
G:\ObjectDetector\opencv CarDetection\Image-opencv -CarDetector\opencv\Release\link-rc.write.1.tlog
G:\ObjectDetector\opencv CarDetection\Image-opencv -CarDetector\opencv\Release\link.command.1.tlog
G:\ObjectDetector\opencv CarDetection\Image-opencv -CarDetector\opencv\Release\link.read.1.tlog
G:\ObjectDetector\opencv CarDetection\Image-opencv -CarDetector\opencv\Release\link.write.1.tlog
G:\ObjectDetector\opencv CarDetection\Image-opencv -CarDetector\opencv\Release\vc110.pdb
G:\ObjectDetector\opencv CarDetection\Image-opencv -CarDetector\Release\opencv.pdb
G:\ObjectDetector\opencv CarDetection\Image-opencv -CarDetector\Release\opencv.exe
